<?xml version="1.0" encoding="UTF-8"?>
<testsuite xmlns:xsi="http://www.w3.org/2001/XMLSchema-instance" xsi:noNamespaceSchemaLocation="https://maven.apache.org/surefire/maven-surefire-plugin/xsd/surefire-test-report.xsd" name="de.bord.festival.client.ClientTest" time="1.041" tests="90" errors="0" skipped="0" failures="0">
  <properties>
    <property name="sun.desktop" value="windows"/>
    <property name="awt.toolkit" value="sun.awt.windows.WToolkit"/>
    <property name="java.specification.version" value="11"/>
    <property name="sun.cpu.isalist" value="amd64"/>
    <property name="sun.jnu.encoding" value="Cp1252"/>
    <property name="java.class.path" value="C:\Users\Raphael Freybe\IdeaProjects\bord-festival\target\test-classes;C:\Users\Raphael Freybe\IdeaProjects\bord-festival\target\classes;C:\Users\Raphael Freybe\.m2\repository\org\junit\jupiter\junit-jupiter\5.5.2\junit-jupiter-5.5.2.jar;C:\Users\Raphael Freybe\.m2\repository\org\junit\jupiter\junit-jupiter-api\5.5.2\junit-jupiter-api-5.5.2.jar;C:\Users\Raphael Freybe\.m2\repository\org\apiguardian\apiguardian-api\1.1.0\apiguardian-api-1.1.0.jar;C:\Users\Raphael Freybe\.m2\repository\org\opentest4j\opentest4j\1.2.0\opentest4j-1.2.0.jar;C:\Users\Raphael Freybe\.m2\repository\org\junit\platform\junit-platform-commons\1.5.2\junit-platform-commons-1.5.2.jar;C:\Users\Raphael Freybe\.m2\repository\org\junit\jupiter\junit-jupiter-params\5.5.2\junit-jupiter-params-5.5.2.jar;C:\Users\Raphael Freybe\.m2\repository\org\junit\jupiter\junit-jupiter-engine\5.5.2\junit-jupiter-engine-5.5.2.jar;C:\Users\Raphael Freybe\.m2\repository\org\junit\platform\junit-platform-engine\1.5.2\junit-platform-engine-1.5.2.jar;"/>
    <property name="java.vm.vendor" value="JetBrains s.r.o"/>
    <property name="sun.arch.data.model" value="64"/>
    <property name="user.variant" value=""/>
    <property name="java.vendor.url" value="https://www.jetbrains.com/"/>
    <property name="user.timezone" value="Europe/Berlin"/>
    <property name="java.vm.specification.version" value="11"/>
    <property name="os.name" value="Windows 10"/>
    <property name="sun.java.launcher" value="SUN_STANDARD"/>
    <property name="user.country" value="DE"/>
    <property name="sun.boot.library.path" value="C:\Program Files\JetBrains\IntelliJ IDEA 2019.2.3\jbr\bin"/>
    <property name="sun.java.command" value="C:\Users\RAPHAE~1\AppData\Local\Temp\surefire8948258806190278606\surefirebooter13759708586019316412.jar C:\Users\Raphael Freybe\AppData\Local\Temp\surefire8948258806190278606 2020-01-21T15-56-17_101-jvmRun1 surefire12882119264711165185tmp surefire_017868721550186946014tmp"/>
    <property name="jdk.debug" value="release"/>
    <property name="surefire.test.class.path" value="C:\Users\Raphael Freybe\IdeaProjects\bord-festival\target\test-classes;C:\Users\Raphael Freybe\IdeaProjects\bord-festival\target\classes;C:\Users\Raphael Freybe\.m2\repository\org\junit\jupiter\junit-jupiter\5.5.2\junit-jupiter-5.5.2.jar;C:\Users\Raphael Freybe\.m2\repository\org\junit\jupiter\junit-jupiter-api\5.5.2\junit-jupiter-api-5.5.2.jar;C:\Users\Raphael Freybe\.m2\repository\org\apiguardian\apiguardian-api\1.1.0\apiguardian-api-1.1.0.jar;C:\Users\Raphael Freybe\.m2\repository\org\opentest4j\opentest4j\1.2.0\opentest4j-1.2.0.jar;C:\Users\Raphael Freybe\.m2\repository\org\junit\platform\junit-platform-commons\1.5.2\junit-platform-commons-1.5.2.jar;C:\Users\Raphael Freybe\.m2\repository\org\junit\jupiter\junit-jupiter-params\5.5.2\junit-jupiter-params-5.5.2.jar;C:\Users\Raphael Freybe\.m2\repository\org\junit\jupiter\junit-jupiter-engine\5.5.2\junit-jupiter-engine-5.5.2.jar;C:\Users\Raphael Freybe\.m2\repository\org\junit\platform\junit-platform-engine\1.5.2\junit-platform-engine-1.5.2.jar;"/>
    <property name="sun.cpu.endian" value="little"/>
    <property name="user.home" value="C:\Users\Raphael Freybe"/>
    <property name="user.language" value="de"/>
    <property name="java.specification.vendor" value="Oracle Corporation"/>
    <property name="java.version.date" value="2019-07-16"/>
    <property name="java.home" value="C:\Program Files\JetBrains\IntelliJ IDEA 2019.2.3\jbr"/>
    <property name="file.separator" value="\"/>
    <property name="basedir" value="C:\Users\Raphael Freybe\IdeaProjects\bord-festival"/>
    <property name="java.vm.compressedOopsMode" value="32-bit"/>
    <property name="line.separator" value="&#10;"/>
    <property name="idea.version2019.2.3" value="true"/>
    <property name="java.specification.name" value="Java Platform API Specification"/>
    <property name="java.vm.specification.vendor" value="Oracle Corporation"/>
    <property name="java.awt.graphicsenv" value="sun.awt.Win32GraphicsEnvironment"/>
    <property name="surefire.real.class.path" value="C:\Users\RAPHAE~1\AppData\Local\Temp\surefire8948258806190278606\surefirebooter13759708586019316412.jar"/>
    <property name="user.script" value=""/>
    <property name="sun.management.compiler" value="HotSpot 64-Bit Tiered Compilers"/>
    <property name="java.runtime.version" value="11.0.4+10-b304.69"/>
    <property name="user.name" value="Raphael Freybe"/>
    <property name="path.separator" value=";"/>
    <property name="os.version" value="10.0"/>
    <property name="java.runtime.name" value="OpenJDK Runtime Environment"/>
    <property name="file.encoding" value="Cp1252"/>
    <property name="java.vm.name" value="OpenJDK 64-Bit Server VM"/>
    <property name="localRepository" value="C:\Users\Raphael Freybe\.m2\repository"/>
    <property name="java.vendor.url.bug" value="https://youtrack.jetbrains.com"/>
    <property name="java.io.tmpdir" value="C:\Users\RAPHAE~1\AppData\Local\Temp\"/>
    <property name="java.version" value="11.0.4"/>
    <property name="user.dir" value="C:\Users\Raphael Freybe\IdeaProjects\bord-festival"/>
    <property name="os.arch" value="amd64"/>
    <property name="java.vm.specification.name" value="Java Virtual Machine Specification"/>
    <property name="java.awt.printerjob" value="sun.awt.windows.WPrinterJob"/>
    <property name="sun.os.patch.level" value=""/>
    <property name="java.library.path" value="C:\Program Files\JetBrains\IntelliJ IDEA 2019.2.3\jbr\bin;C:\WINDOWS\Sun\Java\bin;C:\WINDOWS\system32;C:\WINDOWS;C:\Program Files\Microsoft MPI\Bin\;C:\Program Files (x86)\Common Files\Oracle\Java\javapath;C:\WINDOWS\system32;C:\WINDOWS;C:\WINDOWS\System32\Wbem;C:\WINDOWS\System32\WindowsPowerShell\v1.0\;C:\WINDOWS\System32\OpenSSH\;C:\Program Files\Microsoft SQL Server\Client SDK\ODBC\130\Tools\Binn\;C:\Program Files (x86)\Microsoft SQL Server\140\Tools\Binn\;C:\Program Files\Microsoft SQL Server\140\Tools\Binn\;C:\Program Files\Microsoft SQL Server\140\DTS\Binn\;C:\Program Files\Microsoft SQL Server\130\Tools\Binn\;C:\Program Files (x86)\Microsoft SQL Server\130\Tools\Binn\;C:\Program Files (x86)\Microsoft SQL Server\130\DTS\Binn\;C:\Program Files\Microsoft SQL Server\130\DTS\Binn\;C:\Program Files\Git\cmd;C:\ProgramData\chocolatey\bin;C:\ProgramData\chocolatey\lib\maven\apache-maven-3.6.3\bin;C:\Users\Raphael Freybe\AppData\Local\Microsoft\WindowsApps;;C:\Users\Raphael Freybe\AppData\Local\Programs\Microsoft VS Code\bin;."/>
    <property name="java.vendor" value="JetBrains s.r.o"/>
    <property name="java.vm.info" value="mixed mode, sharing"/>
    <property name="java.vm.version" value="11.0.4+10-b304.69"/>
    <property name="sun.io.unicode.encoding" value="UnicodeLittle"/>
    <property name="java.class.version" value="55.0"/>
  </properties>
  <testcase name="should_throw_exception_for_firstname_with_numbers{String}[1]" classname="de.bord.festival.client.ClientTest" time="0.047"/>
  <testcase name="should_throw_exception_for_firstname_with_numbers{String}[2]" classname="de.bord.festival.client.ClientTest" time="0"/>
  <testcase name="should_throw_exception_for_firstname_with_numbers{String}[3]" classname="de.bord.festival.client.ClientTest" time="0"/>
  <testcase name="should_throw_exception_for_firstname_with_numbers{String}[4]" classname="de.bord.festival.client.ClientTest" time="0"/>
  <testcase name="should_throw_exception_for_firstname_with_numbers{String}[5]" classname="de.bord.festival.client.ClientTest" time="0"/>
  <testcase name="should_throw_exception_for_firstname_with_numbers{String}[6]" classname="de.bord.festival.client.ClientTest" time="0"/>
  <testcase name="should_throw_exception_for_firstname_with_numbers{String}[7]" classname="de.bord.festival.client.ClientTest" time="0.016"/>
  <testcase name="should_throw_exception_for_firstname_with_numbers{String}[8]" classname="de.bord.festival.client.ClientTest" time="0"/>
  <testcase name="should_throw_exception_for_firstname_with_numbers{String}[9]" classname="de.bord.festival.client.ClientTest" time="0"/>
  <testcase name="should_throw_exception_for_firstname_with_numbers{String}[10]" classname="de.bord.festival.client.ClientTest" time="0"/>
  <testcase name="should_throw_exception_for_lastname_51_characters_long" classname="de.bord.festival.client.ClientTest" time="0"/>
  <testcase name="should_throw_exception_for_invalid_mail{String}[1]" classname="de.bord.festival.client.ClientTest" time="0.016"/>
  <testcase name="should_throw_exception_for_invalid_mail{String}[2]" classname="de.bord.festival.client.ClientTest" time="0.016"/>
  <testcase name="should_throw_exception_for_invalid_mail{String}[3]" classname="de.bord.festival.client.ClientTest" time="0"/>
  <testcase name="should_throw_exception_for_invalid_mail{String}[4]" classname="de.bord.festival.client.ClientTest" time="0"/>
  <testcase name="should_throw_exception_for_invalid_mail{String}[5]" classname="de.bord.festival.client.ClientTest" time="0"/>
  <testcase name="should_throw_exception_for_invalid_mail{String}[6]" classname="de.bord.festival.client.ClientTest" time="0"/>
  <testcase name="should_throw_exception_for_lastname_empty" classname="de.bord.festival.client.ClientTest" time="0.016"/>
  <testcase name="should_throw_exception_for_firstname_empty" classname="de.bord.festival.client.ClientTest" time="0"/>
  <testcase name="should_throw_exception_for_firstname_with_specialchars{String}[1]" classname="de.bord.festival.client.ClientTest" time="0"/>
  <testcase name="should_throw_exception_for_firstname_with_specialchars{String}[2]" classname="de.bord.festival.client.ClientTest" time="0"/>
  <testcase name="should_throw_exception_for_firstname_with_specialchars{String}[3]" classname="de.bord.festival.client.ClientTest" time="0.016"/>
  <testcase name="should_throw_exception_for_firstname_with_specialchars{String}[4]" classname="de.bord.festival.client.ClientTest" time="0"/>
  <testcase name="should_throw_exception_for_firstname_with_specialchars{String}[5]" classname="de.bord.festival.client.ClientTest" time="0.016"/>
  <testcase name="should_throw_exception_for_firstname_with_specialchars{String}[6]" classname="de.bord.festival.client.ClientTest" time="0"/>
  <testcase name="should_throw_exception_for_firstname_with_specialchars{String}[7]" classname="de.bord.festival.client.ClientTest" time="0"/>
  <testcase name="should_throw_exception_for_firstname_with_specialchars{String}[8]" classname="de.bord.festival.client.ClientTest" time="0"/>
  <testcase name="should_throw_exception_for_firstname_with_specialchars{String}[9]" classname="de.bord.festival.client.ClientTest" time="0"/>
  <testcase name="should_throw_exception_for_firstname_with_specialchars{String}[10]" classname="de.bord.festival.client.ClientTest" time="0"/>
  <testcase name="should_throw_exception_for_firstname_with_specialchars{String}[11]" classname="de.bord.festival.client.ClientTest" time="0"/>
  <testcase name="should_throw_exception_for_firstname_with_specialchars{String}[12]" classname="de.bord.festival.client.ClientTest" time="0.016"/>
  <testcase name="should_throw_exception_for_firstname_with_specialchars{String}[13]" classname="de.bord.festival.client.ClientTest" time="0.015"/>
  <testcase name="should_throw_exception_for_firstname_with_specialchars{String}[14]" classname="de.bord.festival.client.ClientTest" time="0"/>
  <testcase name="should_throw_exception_for_firstname_with_specialchars{String}[15]" classname="de.bord.festival.client.ClientTest" time="0"/>
  <testcase name="should_throw_exception_for_firstname_with_specialchars{String}[16]" classname="de.bord.festival.client.ClientTest" time="0.016"/>
  <testcase name="should_throw_exception_for_firstname_with_specialchars{String}[17]" classname="de.bord.festival.client.ClientTest" time="0"/>
  <testcase name="should_throw_exception_for_firstname_with_specialchars{String}[18]" classname="de.bord.festival.client.ClientTest" time="0.019"/>
  <testcase name="should_throw_exception_for_firstname_with_specialchars{String}[19]" classname="de.bord.festival.client.ClientTest" time="0"/>
  <testcase name="should_throw_exception_for_firstname_with_specialchars{String}[20]" classname="de.bord.festival.client.ClientTest" time="0"/>
  <testcase name="should_throw_exception_for_firstname_with_specialchars{String}[21]" classname="de.bord.festival.client.ClientTest" time="0.015"/>
  <testcase name="should_throw_exception_for_firstname_with_specialchars{String}[22]" classname="de.bord.festival.client.ClientTest" time="0"/>
  <testcase name="should_throw_exception_for_firstname_with_specialchars{String}[23]" classname="de.bord.festival.client.ClientTest" time="0"/>
  <testcase name="should_throw_exception_for_firstname_with_specialchars{String}[24]" classname="de.bord.festival.client.ClientTest" time="0"/>
  <testcase name="should_throw_exception_for_firstname_with_specialchars{String}[25]" classname="de.bord.festival.client.ClientTest" time="0.016"/>
  <testcase name="should_throw_exception_for_firstname_with_specialchars{String}[26]" classname="de.bord.festival.client.ClientTest" time="0"/>
  <testcase name="should_throw_exception_for_firstname_with_specialchars{String}[27]" classname="de.bord.festival.client.ClientTest" time="0"/>
  <testcase name="should_throw_exception_for_firstname_with_specialchars{String}[28]" classname="de.bord.festival.client.ClientTest" time="0"/>
  <testcase name="should_throw_exception_for_mail_with_missing_domain" classname="de.bord.festival.client.ClientTest" time="0.001"/>
  <testcase name="should_throw_exception_for_mail_with_missing_at_symbol" classname="de.bord.festival.client.ClientTest" time="0.016"/>
  <testcase name="should_throw_exception_for_firstname_51_characters_long" classname="de.bord.festival.client.ClientTest" time="0"/>
  <testcase name="should_throw_exception_for_lastname_with_specialchars{String}[1]" classname="de.bord.festival.client.ClientTest" time="0"/>
  <testcase name="should_throw_exception_for_lastname_with_specialchars{String}[2]" classname="de.bord.festival.client.ClientTest" time="0"/>
  <testcase name="should_throw_exception_for_lastname_with_specialchars{String}[3]" classname="de.bord.festival.client.ClientTest" time="0.016"/>
  <testcase name="should_throw_exception_for_lastname_with_specialchars{String}[4]" classname="de.bord.festival.client.ClientTest" time="0"/>
  <testcase name="should_throw_exception_for_lastname_with_specialchars{String}[5]" classname="de.bord.festival.client.ClientTest" time="0"/>
  <testcase name="should_throw_exception_for_lastname_with_specialchars{String}[6]" classname="de.bord.festival.client.ClientTest" time="0"/>
  <testcase name="should_throw_exception_for_lastname_with_specialchars{String}[7]" classname="de.bord.festival.client.ClientTest" time="0.031"/>
  <testcase name="should_throw_exception_for_lastname_with_specialchars{String}[8]" classname="de.bord.festival.client.ClientTest" time="0"/>
  <testcase name="should_throw_exception_for_lastname_with_specialchars{String}[9]" classname="de.bord.festival.client.ClientTest" time="0"/>
  <testcase name="should_throw_exception_for_lastname_with_specialchars{String}[10]" classname="de.bord.festival.client.ClientTest" time="0"/>
  <testcase name="should_throw_exception_for_lastname_with_specialchars{String}[11]" classname="de.bord.festival.client.ClientTest" time="0"/>
  <testcase name="should_throw_exception_for_lastname_with_specialchars{String}[12]" classname="de.bord.festival.client.ClientTest" time="0.016"/>
  <testcase name="should_throw_exception_for_lastname_with_specialchars{String}[13]" classname="de.bord.festival.client.ClientTest" time="0"/>
  <testcase name="should_throw_exception_for_lastname_with_specialchars{String}[14]" classname="de.bord.festival.client.ClientTest" time="0"/>
  <testcase name="should_throw_exception_for_lastname_with_specialchars{String}[15]" classname="de.bord.festival.client.ClientTest" time="0"/>
  <testcase name="should_throw_exception_for_lastname_with_specialchars{String}[16]" classname="de.bord.festival.client.ClientTest" time="0.018"/>
  <testcase name="should_throw_exception_for_lastname_with_specialchars{String}[17]" classname="de.bord.festival.client.ClientTest" time="0"/>
  <testcase name="should_throw_exception_for_lastname_with_specialchars{String}[18]" classname="de.bord.festival.client.ClientTest" time="0"/>
  <testcase name="should_throw_exception_for_lastname_with_specialchars{String}[19]" classname="de.bord.festival.client.ClientTest" time="0"/>
  <testcase name="should_throw_exception_for_lastname_with_specialchars{String}[20]" classname="de.bord.festival.client.ClientTest" time="0"/>
  <testcase name="should_throw_exception_for_lastname_with_specialchars{String}[21]" classname="de.bord.festival.client.ClientTest" time="0.016"/>
  <testcase name="should_throw_exception_for_lastname_with_specialchars{String}[22]" classname="de.bord.festival.client.ClientTest" time="0.015"/>
  <testcase name="should_throw_exception_for_lastname_with_specialchars{String}[23]" classname="de.bord.festival.client.ClientTest" time="0"/>
  <testcase name="should_throw_exception_for_lastname_with_specialchars{String}[24]" classname="de.bord.festival.client.ClientTest" time="0"/>
  <testcase name="should_throw_exception_for_lastname_with_specialchars{String}[25]" classname="de.bord.festival.client.ClientTest" time="0"/>
  <testcase name="should_throw_exception_for_lastname_with_specialchars{String}[26]" classname="de.bord.festival.client.ClientTest" time="0"/>
  <testcase name="should_throw_exception_for_lastname_with_specialchars{String}[27]" classname="de.bord.festival.client.ClientTest" time="0.015"/>
  <testcase name="should_throw_exception_for_lastname_with_specialchars{String}[28]" classname="de.bord.festival.client.ClientTest" time="0"/>
  <testcase name="should_throw_exception_for_lastname_with_numbers{String}[1]" classname="de.bord.festival.client.ClientTest" time="0"/>
  <testcase name="should_throw_exception_for_lastname_with_numbers{String}[2]" classname="de.bord.festival.client.ClientTest" time="0"/>
  <testcase name="should_throw_exception_for_lastname_with_numbers{String}[3]" classname="de.bord.festival.client.ClientTest" time="0"/>
  <testcase name="should_throw_exception_for_lastname_with_numbers{String}[4]" classname="de.bord.festival.client.ClientTest" time="0.015"/>
  <testcase name="should_throw_exception_for_lastname_with_numbers{String}[5]" classname="de.bord.festival.client.ClientTest" time="0"/>
  <testcase name="should_throw_exception_for_lastname_with_numbers{String}[6]" classname="de.bord.festival.client.ClientTest" time="0"/>
  <testcase name="should_throw_exception_for_lastname_with_numbers{String}[7]" classname="de.bord.festival.client.ClientTest" time="0"/>
  <testcase name="should_throw_exception_for_lastname_with_numbers{String}[8]" classname="de.bord.festival.client.ClientTest" time="0"/>
  <testcase name="should_throw_exception_for_lastname_with_numbers{String}[9]" classname="de.bord.festival.client.ClientTest" time="0"/>
  <testcase name="should_throw_exception_for_lastname_with_numbers{String}[10]" classname="de.bord.festival.client.ClientTest" time="0"/>
  <testcase name="should_throw_nothing_for_lastname_50_characters_long" classname="de.bord.festival.client.ClientTest" time="0.016"/>
  <testcase name="should_throw_nothing_for_firstname_50_characters_long" classname="de.bord.festival.client.ClientTest" time="0"/>
</testsuite>